#
# A fatal error has been detected by the Java Runtime Environment:
#
#  EXCEPTION_ACCESS_VIOLATION (0xc0000005) at pc=0x00007ffded57e8f7, pid=10184, tid=8684
#
# JRE version: OpenJDK Runtime Environment (14.0.2+12) (build 14.0.2+12-46)
# Java VM: OpenJDK 64-Bit Server VM (14.0.2+12-46, mixed mode, tiered, compressed oops, g1 gc, windows-amd64)
# Problematic frame:
# V  [jvm.dll+0x5ae8f7]
#
# No core dump will be written. Minidumps are not enabled by default on client versions of Windows
#
# If you would like to submit a bug report, please visit:
#   https://bugreport.java.com/bugreport/crash.jsp
#

---------------  S U M M A R Y ------------

Command Line: -XX:+ShowCodeDetailsInExceptionMessages -agentlib:jdwp=transport=dt_socket,suspend=y,address=localhost:59499 -javaagent:G:\Downloads\spring-tool-suite-4-4.8.0.RELEASE-e4.17.0-win32.win32.x86_64.self-extracting\contents\sts-4.8.0.RELEASE\configuration\org.eclipse.osgi\262\0\.cp\lib\javaagent-shaded.jar -Dfile.encoding=Cp1252 SelectGoodies

Host: Intel(R) Core(TM) i3-5015U CPU @ 2.10GHz, 4 cores, 11G,  Windows 10 , 64 bit Build 14393 (10.0.14393.0)
Time: Sat Oct 31 19:00:55 2020 India Standard Time elapsed time: 100 seconds (0d 0h 1m 40s)

---------------  T H R E A D  ---------------

Current thread (0x000001ff4c1db000):  VMThread "VM Thread" [stack: 0x0000004908b00000,0x0000004908c00000] [id=8684] _threads_hazard_ptr=0x000001ff4caa1f60

Stack: [0x0000004908b00000,0x0000004908c00000],  sp=0x0000004908bfe2b0,  free space=1016k
Native frames: (J=compiled Java code, j=interpreted, Vv=VM code, C=native code)
V  [jvm.dll+0x5ae8f7]
V  [jvm.dll+0x4ada6e]
V  [jvm.dll+0x4abc2f]
V  [jvm.dll+0x744f4b]
V  [jvm.dll+0x748f77]
V  [jvm.dll+0x749748]
V  [jvm.dll+0x749a3c]
V  [jvm.dll+0x6ffeda]
V  [jvm.dll+0x5f78f6]
C  [ucrtbase.dll+0x1cab0]
C  [KERNEL32.DLL+0x8364]
C  [ntdll.dll+0x65e91]


siginfo: EXCEPTION_ACCESS_VIOLATION (0xc0000005), reading address 0xffffffffffffffff


Register to memory mapping:

RIP=0x00007ffded57e8f7 jvm.dll
RAX=0x000001ff4d1e82ca is pointing into metadata
RBX={method} {0x000001ff4d1e82f0} 
[error occurred during error reporting (printing register info), id 0xc0000005, EXCEPTION_ACCESS_VIOLATION (0xc0000005) at pc=0x00007ffded580b03]

Registers:
RAX=0x000001ff4d1e82ca, RBX=0x000001ff4d1e82e8, RCX=0xbf0000b701e65908, RDX=0x0000004908bfe2d0
RSP=0x0000004908bfe2b0, RBP=0x0000000000000000, RSI=0x0000000000000001, RDI=0x0000000000000000
R8 =0x0000000000000000, R9 =0x000001ff2f645000, R10=0x0000004908bfe380, R11=0x0000004908bfcf90
R12=0x000001ff4cb12f90, R13=0x000001ff4c1ceb50, R14=0x000001ff4b973670, R15=0x000001ff4b973680
RIP=0x00007ffded57e8f7, EFLAGS=0x0000000000010206

Top of Stack: (sp=0x0000004908bfe2b0)
0x0000004908bfe2b0:   000001ff4d1e82e8 0000000000000001
0x0000004908bfe2c0:   000001ff33318a90 0000000000000000
0x0000004908bfe2d0:   000001ff4d1e82e8 000001ff4c1db000
0x0000004908bfe2e0:   000001ff4cd17aa0 00007ffded47da6e
0x0000004908bfe2f0:   000001ff4d1e82e8 0000000000000000
0x0000004908bfe300:   000000074d30de00 000001ff2f645000
0x0000004908bfe310:   000001ff4b973670 000001ff4b973680
0x0000004908bfe320:   0000000000000001 00000000000003d8
0x0000004908bfe330:   000001ff4b973a58 00000049096ff5a0
0x0000004908bfe340:   000001ff4c1db000 000001ff4c1cf7d0
0x0000004908bfe350:   000001ff2d4a1db0 000001ff2d4a1dc0
0x0000004908bfe360:   000001ff2d4a1e98 00000000000000d8
0x0000004908bfe370:   0000004908bff850 0000004900000000
0x0000004908bfe380:   000001ff2d57c490 000001ff4c1db000
0x0000004908bfe390:   000001ff4c1cf7d0 000001ff2d4a1db0
0x0000004908bfe3a0:   00000049094ff260 00000049094ff260 

Instructions: (pc=0x00007ffded57e8f7)
0x00007ffded57e7f7:   94 c0 48 83 c4 20 5b c3 32 c0 48 83 c4 20 5b c3
0x00007ffded57e807:   cc cc cc cc cc cc cc cc cc 4c 8b 49 08 45 0f b7
0x00007ffded57e817:   41 28 45 85 c0 74 76 b8 cd cc cc cc 41 f7 e0 41
0x00007ffded57e827:   8b c0 c1 ea 02 8d 0c 92 2b c1 75 61 41 80 79 38
0x00007ffded57e837:   2a 75 5a 41 80 79 39 b7 75 53 41 8b c0 49 ff c8
0x00007ffded57e847:   43 80 7c 08 38 b1 75 45 49 83 f8 04 7e 3c b8 04
0x00007ffded57e857:   00 00 00 66 0f 1f 44 00 00 41 80 7c 01 38 2a 75
0x00007ffded57e867:   2c 41 0f b6 54 01 39 8d 4a ff f6 c1 f5 75 05 80
0x00007ffded57e877:   fa 09 75 05 80 fa 0e 75 14 42 80 7c 08 3a b5 75
0x00007ffded57e887:   0c 48 83 c0 05 49 3b c0 7c cf b0 01 c3 32 c0 c3
0x00007ffded57e897:   cc cc cc cc cc cc cc cc cc 40 53 48 83 ec 30 8b
0x00007ffded57e8a7:   15 00 f6 4d 00 48 8b d9 65 48 8b 04 25 58 00 00
0x00007ffded57e8b7:   00 48 89 4c 24 20 b9 08 00 00 00 48 8b 04 d0 48
0x00007ffded57e8c7:   8b 0c 01 48 89 4c 24 28 48 85 db 74 16 48 8b 89
0x00007ffded57e8d7:   88 02 00 00 48 8d 54 24 40 48 89 5c 24 40 e8 d6
0x00007ffded57e8e7:   dc a5 ff 48 8b 43 08 48 8d 54 24 20 48 8b 48 08
0x00007ffded57e8f7:   48 8b 49 18 e8 f0 81 d7 ff 48 8d 4c 24 20 48 8b
0x00007ffded57e907:   d8 e8 93 4c d5 ff 48 8b c3 48 83 c4 30 5b c3 cc
0x00007ffded57e917:   cc cc cc cc cc cc cc cc cc 40 53 48 83 ec 20 48
0x00007ffded57e927:   8b 81 98 00 00 00 48 8b d9 48 8b 48 08 48 85 c9
0x00007ffded57e937:   74 39 ff 15 c9 86 40 00 48 85 c0 74 2e 48 8b 83
0x00007ffded57e947:   98 00 00 00 48 8b 48 08 48 85 c9 75 04 33 c0 eb
0x00007ffded57e957:   06 ff 15 aa 86 40 00 48 8b c8 e8 5a cd 11 00 84
0x00007ffded57e967:   c0 75 08 33 c0 48 83 c4 20 5b c3 48 8b 4b 18 48
0x00007ffded57e977:   83 c4 20 5b e9 20 93 19 00 48 8b 41 08 48 8b 48
0x00007ffded57e987:   08 48 8b 41 18 48 8b 40 18 c3 cc cc cc cc cc cc
0x00007ffded57e997:   cc cc cc cc cc cc cc cc cc 48 89 5c 24 08 48 89
0x00007ffded57e9a7:   74 24 10 57 48 83 ec 40 33 ff be ff ff ff ff 3b
0x00007ffded57e9b7:   d6 8b df 0f 45 da 85 db 0f 88 c1 00 00 00 48 8b
0x00007ffded57e9c7:   49 08 0f b7 41 28 3b d8 0f 8d b1 00 00 00 f6 41
0x00007ffded57e9d7:   24 01 0f 84 a7 00 00 00 e8 9c 4b c5 ff 8b d7 48
0x00007ffded57e9e7:   89 44 24 20 89 54 24 30 4c 8b d0 44 8b cf 89 7c 


Stack slot to memory mapping:
stack at sp + 0 slots: {method} {0x000001ff4d1e82f0} 
[error occurred during error reporting (inspecting top of stack), id 0xc0000005, EXCEPTION_ACCESS_VIOLATION (0xc0000005) at pc=0x00007ffded580b03]

VM_Operation (0x00000049096ff400): GetStackTrace, mode: safepoint, requested by thread 0x000001ff4c4e2000


---------------  P R O C E S S  ---------------

Threads class SMR info:
_java_thread_list=0x000001ff4caa1f60, length=14, elements={
0x000001ff2f645000, 0x000001ff4c1f1800, 0x000001ff4c1f2800, 0x000001ff4c235000,
0x000001ff4c238000, 0x000001ff4c239000, 0x000001ff4c21d800, 0x000001ff4c242800,
0x000001ff4c257800, 0x000001ff4c37b800, 0x000001ff4c4e2000, 0x000001ff4c590800,
0x000001ff4c591800, 0x000001ff4caa8000
}

Java Threads: ( => current thread )
  0x000001ff2f645000 JavaThread "main" [_thread_blocked, id=6656, stack(0x0000004908500000,0x0000004908600000)]
  0x000001ff4c1f1800 JavaThread "Reference Handler" daemon [_thread_blocked, id=3668, stack(0x0000004908c00000,0x0000004908d00000)]
  0x000001ff4c1f2800 JavaThread "Finalizer" daemon [_thread_blocked, id=10348, stack(0x0000004908d00000,0x0000004908e00000)]
  0x000001ff4c235000 JavaThread "Signal Dispatcher" daemon [_thread_blocked, id=6368, stack(0x0000004908e00000,0x0000004908f00000)]
  0x000001ff4c238000 JavaThread "Attach Listener" daemon [_thread_blocked, id=9468, stack(0x0000004908f00000,0x0000004909000000)]
  0x000001ff4c239000 JavaThread "Service Thread" daemon [_thread_blocked, id=216, stack(0x0000004909000000,0x0000004909100000)]
  0x000001ff4c21d800 JavaThread "C2 CompilerThread0" daemon [_thread_blocked, id=2352, stack(0x0000004909100000,0x0000004909200000)]
  0x000001ff4c242800 JavaThread "C1 CompilerThread0" daemon [_thread_blocked, id=6492, stack(0x0000004909200000,0x0000004909300000)]
  0x000001ff4c257800 JavaThread "Sweeper thread" daemon [_thread_blocked, id=7348, stack(0x0000004909300000,0x0000004909400000)]
  0x000001ff4c37b800 JavaThread "Common-Cleaner" daemon [_thread_blocked, id=3212, stack(0x0000004909400000,0x0000004909500000)]
  0x000001ff4c4e2000 JavaThread "JDWP Transport Listener: dt_socket" daemon [_thread_blocked, id=3244, stack(0x0000004909600000,0x0000004909700000)] _threads_hazard_ptr=0x000001ff4caa1f60
  0x000001ff4c590800 JavaThread "JDWP Event Helper Thread" daemon [_thread_blocked, id=924, stack(0x0000004909700000,0x0000004909800000)]
  0x000001ff4c591800 JavaThread "JDWP Command Reader" daemon [_thread_in_native, id=3932, stack(0x0000004909800000,0x0000004909900000)]
  0x000001ff4caa8000 JavaThread "Notification Thread" daemon [_thread_blocked, id=5884, stack(0x0000004909900000,0x0000004909a00000)]

Other Threads:
=>0x000001ff4c1db000 VMThread "VM Thread" [stack: 0x0000004908b00000,0x0000004908c00000] [id=8684]
  0x000001ff4c59a000 WatcherThread [stack: 0x0000004909a00000,0x0000004909b00000] [id=2180]
  0x000001ff2f697000 GCTaskThread "GC Thread#0" [stack: 0x0000004908600000,0x0000004908700000] [id=508]
  0x000001ff2f6b2800 ConcurrentGCThread "G1 Main Marker" [stack: 0x0000004908700000,0x0000004908800000] [id=9436]
  0x000001ff2f6b5800 ConcurrentGCThread "G1 Conc#0" [stack: 0x0000004908800000,0x0000004908900000] [id=7588]
  0x000001ff4b7fe800 ConcurrentGCThread "G1 Refine#0" [stack: 0x0000004908900000,0x0000004908a00000] [id=11256]
  0x000001ff4b800000 ConcurrentGCThread "G1 Young RemSet Sampling" [stack: 0x0000004908a00000,0x0000004908b00000] [id=8672]

Threads with active compile tasks:

VM state:at safepoint (normal execution)

VM Mutex/Monitor currently owned by a thread:  ([mutex/lock_event])
[0x000001ff2f641ba0] Threads_lock - owner thread: 0x000001ff4c1db000

Heap address: 0x0000000741600000, size: 3050 MB, Compressed Oops mode: Zero based, Oop shift amount: 3
Narrow klass base: 0x0000000800000000, Narrow klass shift: 0
Compressed class space size: 1073741824 Address: 0x0000000800000000

Heap:
 garbage-first heap   total 196608K, used 6144K [0x0000000741600000, 0x0000000800000000)
  region size 1024K, 7 young (7168K), 0 survivors (0K)
 Metaspace       used 9759K, capacity 9874K, committed 10240K, reserved 1058816K
  class space    used 871K, capacity 906K, committed 1024K, reserved 1048576K
Heap Regions: E=young(eden), S=young(survivor), O=old, HS=humongous(starts), HC=humongous(continues), CS=collection set, F=free, OA=open archive, CA=closed archive, TAMS=top-at-mark-start (previous, next)
|   0|0x0000000741600000, 0x0000000741600000, 0x0000000741700000|  0%| F|  |TAMS 0x0000000741600000, 0x0000000741600000| Untracked 
|   1|0x0000000741700000, 0x0000000741700000, 0x0000000741800000|  0%| F|  |TAMS 0x0000000741700000, 0x0000000741700000| Untracked 
|   2|0x0000000741800000, 0x0000000741800000, 0x0000000741900000|  0%| F|  |TAMS 0x0000000741800000, 0x0000000741800000| Untracked 
|   3|0x0000000741900000, 0x0000000741900000, 0x0000000741a00000|  0%| F|  |TAMS 0x0000000741900000, 0x0000000741900000| Untracked 
|   4|0x0000000741a00000, 0x0000000741a00000, 0x0000000741b00000|  0%| F|  |TAMS 0x0000000741a00000, 0x0000000741a00000| Untracked 
|   5|0x0000000741b00000, 0x0000000741b00000, 0x0000000741c00000|  0%| F|  |TAMS 0x0000000741b00000, 0x0000000741b00000| Untracked 
|   6|0x0000000741c00000, 0x0000000741c00000, 0x0000000741d00000|  0%| F|  |TAMS 0x0000000741c00000, 0x0000000741c00000| Untracked 
|   7|0x0000000741d00000, 0x0000000741d00000, 0x0000000741e00000|  0%| F|  |TAMS 0x0000000741d00000, 0x0000000741d00000| Untracked 
|   8|0x0000000741e00000, 0x0000000741e00000, 0x0000000741f00000|  0%| F|  |TAMS 0x0000000741e00000, 0x0000000741e00000| Untracked 
|   9|0x0000000741f00000, 0x0000000741f00000, 0x0000000742000000|  0%| F|  |TAMS 0x0000000741f00000, 0x0000000741f00000| Untracked 
|  10|0x0000000742000000, 0x0000000742000000, 0x0000000742100000|  0%| F|  |TAMS 0x0000000742000000, 0x0000000742000000| Untracked 
|  11|0x0000000742100000, 0x0000000742100000, 0x0000000742200000|  0%| F|  |TAMS 0x0000000742100000, 0x0000000742100000| Untracked 
|  12|0x0000000742200000, 0x0000000742200000, 0x0000000742300000|  0%| F|  |TAMS 0x0000000742200000, 0x0000000742200000| Untracked 
|  13|0x0000000742300000, 0x0000000742300000, 0x0000000742400000|  0%| F|  |TAMS 0x0000000742300000, 0x0000000742300000| Untracked 
|  14|0x0000000742400000, 0x0000000742400000, 0x0000000742500000|  0%| F|  |TAMS 0x0000000742400000, 0x0000000742400000| Untracked 
|  15|0x0000000742500000, 0x0000000742500000, 0x0000000742600000|  0%| F|  |TAMS 0x0000000742500000, 0x0000000742500000| Untracked 
|  16|0x0000000742600000, 0x0000000742600000, 0x0000000742700000|  0%| F|  |TAMS 0x0000000742600000, 0x0000000742600000| Untracked 
|  17|0x0000000742700000, 0x0000000742700000, 0x0000000742800000|  0%| F|  |TAMS 0x0000000742700000, 0x0000000742700000| Untracked 
|  18|0x0000000742800000, 0x0000000742800000, 0x0000000742900000|  0%| F|  |TAMS 0x0000000742800000, 0x0000000742800000| Untracked 
|  19|0x0000000742900000, 0x0000000742900000, 0x0000000742a00000|  0%| F|  |TAMS 0x0000000742900000, 0x0000000742900000| Untracked 
|  20|0x0000000742a00000, 0x0000000742a00000, 0x0000000742b00000|  0%| F|  |TAMS 0x0000000742a00000, 0x0000000742a00000| Untracked 
|  21|0x0000000742b00000, 0x0000000742b00000, 0x0000000742c00000|  0%| F|  |TAMS 0x0000000742b00000, 0x0000000742b00000| Untracked 
|  22|0x0000000742c00000, 0x0000000742c00000, 0x0000000742d00000|  0%| F|  |TAMS 0x0000000742c00000, 0x0000000742c00000| Untracked 
|  23|0x0000000742d00000, 0x0000000742d00000, 0x0000000742e00000|  0%| F|  |TAMS 0x0000000742d00000, 0x0000000742d00000| Untracked 
|  24|0x0000000742e00000, 0x0000000742e00000, 0x0000000742f00000|  0%| F|  |TAMS 0x0000000742e00000, 0x0000000742e00000| Untracked 
|  25|0x0000000742f00000, 0x0000000742f00000, 0x0000000743000000|  0%| F|  |TAMS 0x0000000742f00000, 0x0000000742f00000| Untracked 
|  26|0x0000000743000000, 0x0000000743000000, 0x0000000743100000|  0%| F|  |TAMS 0x0000000743000000, 0x0000000743000000| Untracked 
|  27|0x0000000743100000, 0x0000000743100000, 0x0000000743200000|  0%| F|  |TAMS 0x0000000743100000, 0x0000000743100000| Untracked 
|  28|0x0000000743200000, 0x0000000743200000, 0x0000000743300000|  0%| F|  |TAMS 0x0000000743200000, 0x0000000743200000| Untracked 
|  29|0x0000000743300000, 0x0000000743300000, 0x0000000743400000|  0%| F|  |TAMS 0x0000000743300000, 0x0000000743300000| Untracked 
|  30|0x0000000743400000, 0x0000000743400000, 0x0000000743500000|  0%| F|  |TAMS 0x0000000743400000, 0x0000000743400000| Untracked 
|  31|0x0000000743500000, 0x0000000743500000, 0x0000000743600000|  0%| F|  |TAMS 0x0000000743500000, 0x0000000743500000| Untracked 
|  32|0x0000000743600000, 0x0000000743600000, 0x0000000743700000|  0%| F|  |TAMS 0x0000000743600000, 0x0000000743600000| Untracked 
|  33|0x0000000743700000, 0x0000000743700000, 0x0000000743800000|  0%| F|  |TAMS 0x0000000743700000, 0x0000000743700000| Untracked 
|  34|0x0000000743800000, 0x0000000743800000, 0x0000000743900000|  0%| F|  |TAMS 0x0000000743800000, 0x0000000743800000| Untracked 
|  35|0x0000000743900000, 0x0000000743900000, 0x0000000743a00000|  0%| F|  |TAMS 0x0000000743900000, 0x0000000743900000| Untracked 
|  36|0x0000000743a00000, 0x0000000743a00000, 0x0000000743b00000|  0%| F|  |TAMS 0x0000000743a00000, 0x0000000743a00000| Untracked 
|  37|0x0000000743b00000, 0x0000000743b00000, 0x0000000743c00000|  0%| F|  |TAMS 0x0000000743b00000, 0x0000000743b00000| Untracked 
|  38|0x0000000743c00000, 0x0000000743c00000, 0x0000000743d00000|  0%| F|  |TAMS 0x0000000743c00000, 0x0000000743c00000| Untracked 
|  39|0x0000000743d00000, 0x0000000743d00000, 0x0000000743e00000|  0%| F|  |TAMS 0x0000000743d00000, 0x0000000743d00000| Untracked 
|  40|0x0000000743e00000, 0x0000000743e00000, 0x0000000743f00000|  0%| F|  |TAMS 0x0000000743e00000, 0x0000000743e00000| Untracked 
|  41|0x0000000743f00000, 0x0000000743f00000, 0x0000000744000000|  0%| F|  |TAMS 0x0000000743f00000, 0x0000000743f00000| Untracked 
|  42|0x0000000744000000, 0x0000000744000000, 0x0000000744100000|  0%| F|  |TAMS 0x0000000744000000, 0x0000000744000000| Untracked 
|  43|0x0000000744100000, 0x0000000744100000, 0x0000000744200000|  0%| F|  |TAMS 0x0000000744100000, 0x0000000744100000| Untracked 
|  44|0x0000000744200000, 0x0000000744200000, 0x0000000744300000|  0%| F|  |TAMS 0x0000000744200000, 0x0000000744200000| Untracked 
|  45|0x0000000744300000, 0x0000000744300000, 0x0000000744400000|  0%| F|  |TAMS 0x0000000744300000, 0x0000000744300000| Untracked 
|  46|0x0000000744400000, 0x0000000744400000, 0x0000000744500000|  0%| F|  |TAMS 0x0000000744400000, 0x0000000744400000| Untracked 
|  47|0x0000000744500000, 0x0000000744500000, 0x0000000744600000|  0%| F|  |TAMS 0x0000000744500000, 0x0000000744500000| Untracked 
|  48|0x0000000744600000, 0x0000000744600000, 0x0000000744700000|  0%| F|  |TAMS 0x0000000744600000, 0x0000000744600000| Untracked 
|  49|0x0000000744700000, 0x0000000744700000, 0x0000000744800000|  0%| F|  |TAMS 0x0000000744700000, 0x0000000744700000| Untracked 
|  50|0x0000000744800000, 0x0000000744800000, 0x0000000744900000|  0%| F|  |TAMS 0x0000000744800000, 0x0000000744800000| Untracked 
|  51|0x0000000744900000, 0x0000000744900000, 0x0000000744a00000|  0%| F|  |TAMS 0x0000000744900000, 0x0000000744900000| Untracked 
|  52|0x0000000744a00000, 0x0000000744a00000, 0x0000000744b00000|  0%| F|  |TAMS 0x0000000744a00000, 0x0000000744a00000| Untracked 
|  53|0x0000000744b00000, 0x0000000744b00000, 0x0000000744c00000|  0%| F|  |TAMS 0x0000000744b00000, 0x0000000744b00000| Untracked 
|  54|0x0000000744c00000, 0x0000000744c00000, 0x0000000744d00000|  0%| F|  |TAMS 0x0000000744c00000, 0x0000000744c00000| Untracked 
|  55|0x0000000744d00000, 0x0000000744d00000, 0x0000000744e00000|  0%| F|  |TAMS 0x0000000744d00000, 0x0000000744d00000| Untracked 
|  56|0x0000000744e00000, 0x0000000744e00000, 0x0000000744f00000|  0%| F|  |TAMS 0x0000000744e00000, 0x0000000744e00000| Untracked 
|  57|0x0000000744f00000, 0x0000000744f00000, 0x0000000745000000|  0%| F|  |TAMS 0x0000000744f00000, 0x0000000744f00000| Untracked 
|  58|0x0000000745000000, 0x0000000745000000, 0x0000000745100000|  0%| F|  |TAMS 0x0000000745000000, 0x0000000745000000| Untracked 
|  59|0x0000000745100000, 0x0000000745100000, 0x0000000745200000|  0%| F|  |TAMS 0x0000000745100000, 0x0000000745100000| Untracked 
|  60|0x0000000745200000, 0x0000000745200000, 0x0000000745300000|  0%| F|  |TAMS 0x0000000745200000, 0x0000000745200000| Untracked 
|  61|0x0000000745300000, 0x0000000745300000, 0x0000000745400000|  0%| F|  |TAMS 0x0000000745300000, 0x0000000745300000| Untracked 
|  62|0x0000000745400000, 0x0000000745400000, 0x0000000745500000|  0%| F|  |TAMS 0x0000000745400000, 0x0000000745400000| Untracked 
|  63|0x0000000745500000, 0x0000000745500000, 0x0000000745600000|  0%| F|  |TAMS 0x0000000745500000, 0x0000000745500000| Untracked 
|  64|0x0000000745600000, 0x0000000745600000, 0x0000000745700000|  0%| F|  |TAMS 0x0000000745600000, 0x0000000745600000| Untracked 
|  65|0x0000000745700000, 0x0000000745700000, 0x0000000745800000|  0%| F|  |TAMS 0x0000000745700000, 0x0000000745700000| Untracked 
|  66|0x0000000745800000, 0x0000000745800000, 0x0000000745900000|  0%| F|  |TAMS 0x0000000745800000, 0x0000000745800000| Untracked 
|  67|0x0000000745900000, 0x0000000745900000, 0x0000000745a00000|  0%| F|  |TAMS 0x0000000745900000, 0x0000000745900000| Untracked 
|  68|0x0000000745a00000, 0x0000000745a00000, 0x0000000745b00000|  0%| F|  |TAMS 0x0000000745a00000, 0x0000000745a00000| Untracked 
|  69|0x0000000745b00000, 0x0000000745b00000, 0x0000000745c00000|  0%| F|  |TAMS 0x0000000745b00000, 0x0000000745b00000| Untracked 
|  70|0x0000000745c00000, 0x0000000745c00000, 0x0000000745d00000|  0%| F|  |TAMS 0x0000000745c00000, 0x0000000745c00000| Untracked 
|  71|0x0000000745d00000, 0x0000000745d00000, 0x0000000745e00000|  0%| F|  |TAMS 0x0000000745d00000, 0x0000000745d00000| Untracked 
|  72|0x0000000745e00000, 0x0000000745e00000, 0x0000000745f00000|  0%| F|  |TAMS 0x0000000745e00000, 0x0000000745e00000| Untracked 
|  73|0x0000000745f00000, 0x0000000745f00000, 0x0000000746000000|  0%| F|  |TAMS 0x0000000745f00000, 0x0000000745f00000| Untracked 
|  74|0x0000000746000000, 0x0000000746000000, 0x0000000746100000|  0%| F|  |TAMS 0x0000000746000000, 0x0000000746000000| Untracked 
|  75|0x0000000746100000, 0x0000000746100000, 0x0000000746200000|  0%| F|  |TAMS 0x0000000746100000, 0x0000000746100000| Untracked 
|  76|0x0000000746200000, 0x0000000746200000, 0x0000000746300000|  0%| F|  |TAMS 0x0000000746200000, 0x0000000746200000| Untracked 
|  77|0x0000000746300000, 0x0000000746300000, 0x0000000746400000|  0%| F|  |TAMS 0x0000000746300000, 0x0000000746300000| Untracked 
|  78|0x0000000746400000, 0x0000000746400000, 0x0000000746500000|  0%| F|  |TAMS 0x0000000746400000, 0x0000000746400000| Untracked 
|  79|0x0000000746500000, 0x0000000746500000, 0x0000000746600000|  0%| F|  |TAMS 0x0000000746500000, 0x0000000746500000| Untracked 
|  80|0x0000000746600000, 0x0000000746600000, 0x0000000746700000|  0%| F|  |TAMS 0x0000000746600000, 0x0000000746600000| Untracked 
|  81|0x0000000746700000, 0x0000000746700000, 0x0000000746800000|  0%| F|  |TAMS 0x0000000746700000, 0x0000000746700000| Untracked 
|  82|0x0000000746800000, 0x0000000746800000, 0x0000000746900000|  0%| F|  |TAMS 0x0000000746800000, 0x0000000746800000| Untracked 
|  83|0x0000000746900000, 0x0000000746900000, 0x0000000746a00000|  0%| F|  |TAMS 0x0000000746900000, 0x0000000746900000| Untracked 
|  84|0x0000000746a00000, 0x0000000746a00000, 0x0000000746b00000|  0%| F|  |TAMS 0x0000000746a00000, 0x0000000746a00000| Untracked 
|  85|0x0000000746b00000, 0x0000000746b00000, 0x0000000746c00000|  0%| F|  |TAMS 0x0000000746b00000, 0x0000000746b00000| Untracked 
|  86|0x0000000746c00000, 0x0000000746c00000, 0x0000000746d00000|  0%| F|  |TAMS 0x0000000746c00000, 0x0000000746c00000| Untracked 
|  87|0x0000000746d00000, 0x0000000746d00000, 0x0000000746e00000|  0%| F|  |TAMS 0x0000000746d00000, 0x0000000746d00000| Untracked 
|  88|0x0000000746e00000, 0x0000000746e00000, 0x0000000746f00000|  0%| F|  |TAMS 0x0000000746e00000, 0x0000000746e00000| Untracked 
|  89|0x0000000746f00000, 0x0000000746f00000, 0x0000000747000000|  0%| F|  |TAMS 0x0000000746f00000, 0x0000000746f00000| Untracked 
|  90|0x0000000747000000, 0x0000000747000000, 0x0000000747100000|  0%| F|  |TAMS 0x0000000747000000, 0x0000000747000000| Untracked 
|  91|0x0000000747100000, 0x0000000747100000, 0x0000000747200000|  0%| F|  |TAMS 0x0000000747100000, 0x0000000747100000| Untracked 
|  92|0x0000000747200000, 0x0000000747200000, 0x0000000747300000|  0%| F|  |TAMS 0x0000000747200000, 0x0000000747200000| Untracked 
|  93|0x0000000747300000, 0x0000000747300000, 0x0000000747400000|  0%| F|  |TAMS 0x0000000747300000, 0x0000000747300000| Untracked 
|  94|0x0000000747400000, 0x0000000747400000, 0x0000000747500000|  0%| F|  |TAMS 0x0000000747400000, 0x0000000747400000| Untracked 
|  95|0x0000000747500000, 0x0000000747500000, 0x0000000747600000|  0%| F|  |TAMS 0x0000000747500000, 0x0000000747500000| Untracked 
|  96|0x0000000747600000, 0x0000000747600000, 0x0000000747700000|  0%| F|  |TAMS 0x0000000747600000, 0x0000000747600000| Untracked 
|  97|0x0000000747700000, 0x0000000747700000, 0x0000000747800000|  0%| F|  |TAMS 0x0000000747700000, 0x0000000747700000| Untracked 
|  98|0x0000000747800000, 0x0000000747800000, 0x0000000747900000|  0%| F|  |TAMS 0x0000000747800000, 0x0000000747800000| Untracked 
|  99|0x0000000747900000, 0x0000000747900000, 0x0000000747a00000|  0%| F|  |TAMS 0x0000000747900000, 0x0000000747900000| Untracked 
| 100|0x0000000747a00000, 0x0000000747a00000, 0x0000000747b00000|  0%| F|  |TAMS 0x0000000747a00000, 0x0000000747a00000| Untracked 
| 101|0x0000000747b00000, 0x0000000747b00000, 0x0000000747c00000|  0%| F|  |TAMS 0x0000000747b00000, 0x0000000747b00000| Untracked 
| 102|0x0000000747c00000, 0x0000000747c00000, 0x0000000747d00000|  0%| F|  |TAMS 0x0000000747c00000, 0x0000000747c00000| Untracked 
| 103|0x0000000747d00000, 0x0000000747d00000, 0x0000000747e00000|  0%| F|  |TAMS 0x0000000747d00000, 0x0000000747d00000| Untracked 
| 104|0x0000000747e00000, 0x0000000747e00000, 0x0000000747f00000|  0%| F|  |TAMS 0x0000000747e00000, 0x0000000747e00000| Untracked 
| 105|0x0000000747f00000, 0x0000000747f00000, 0x0000000748000000|  0%| F|  |TAMS 0x0000000747f00000, 0x0000000747f00000| Untracked 
| 106|0x0000000748000000, 0x0000000748000000, 0x0000000748100000|  0%| F|  |TAMS 0x0000000748000000, 0x0000000748000000| Untracked 
| 107|0x0000000748100000, 0x0000000748100000, 0x0000000748200000|  0%| F|  |TAMS 0x0000000748100000, 0x0000000748100000| Untracked 
| 108|0x0000000748200000, 0x0000000748200000, 0x0000000748300000|  0%| F|  |TAMS 0x0000000748200000, 0x0000000748200000| Untracked 
| 109|0x0000000748300000, 0x0000000748300000, 0x0000000748400000|  0%| F|  |TAMS 0x0000000748300000, 0x0000000748300000| Untracked 
| 110|0x0000000748400000, 0x0000000748400000, 0x0000000748500000|  0%| F|  |TAMS 0x0000000748400000, 0x0000000748400000| Untracked 
| 111|0x0000000748500000, 0x0000000748500000, 0x0000000748600000|  0%| F|  |TAMS 0x0000000748500000, 0x0000000748500000| Untracked 
| 112|0x0000000748600000, 0x0000000748600000, 0x0000000748700000|  0%| F|  |TAMS 0x0000000748600000, 0x0000000748600000| Untracked 
| 113|0x0000000748700000, 0x0000000748700000, 0x0000000748800000|  0%| F|  |TAMS 0x0000000748700000, 0x0000000748700000| Untracked 
| 114|0x0000000748800000, 0x0000000748800000, 0x0000000748900000|  0%| F|  |TAMS 0x0000000748800000, 0x0000000748800000| Untracked 
| 115|0x0000000748900000, 0x0000000748900000, 0x0000000748a00000|  0%| F|  |TAMS 0x0000000748900000, 0x0000000748900000| Untracked 
| 116|0x0000000748a00000, 0x0000000748a00000, 0x0000000748b00000|  0%| F|  |TAMS 0x0000000748a00000, 0x0000000748a00000| Untracked 
| 117|0x0000000748b00000, 0x0000000748b00000, 0x0000000748c00000|  0%| F|  |TAMS 0x0000000748b00000, 0x0000000748b00000| Untracked 
| 118|0x0000000748c00000, 0x0000000748c00000, 0x0000000748d00000|  0%| F|  |TAMS 0x0000000748c00000, 0x0000000748c00000| Untracked 
| 119|0x0000000748d00000, 0x0000000748d00000, 0x0000000748e00000|  0%| F|  |TAMS 0x0000000748d00000, 0x0000000748d00000| Untracked 
| 120|0x0000000748e00000, 0x0000000748e00000, 0x0000000748f00000|  0%| F|  |TAMS 0x0000000748e00000, 0x0000000748e00000| Untracked 
| 121|0x0000000748f00000, 0x0000000748f00000, 0x0000000749000000|  0%| F|  |TAMS 0x0000000748f00000, 0x0000000748f00000| Untracked 
| 122|0x0000000749000000, 0x0000000749000000, 0x0000000749100000|  0%| F|  |TAMS 0x0000000749000000, 0x0000000749000000| Untracked 
| 123|0x0000000749100000, 0x0000000749100000, 0x0000000749200000|  0%| F|  |TAMS 0x0000000749100000, 0x0000000749100000| Untracked 
| 124|0x0000000749200000, 0x0000000749200000, 0x0000000749300000|  0%| F|  |TAMS 0x0000000749200000, 0x0000000749200000| Untracked 
| 125|0x0000000749300000, 0x0000000749300000, 0x0000000749400000|  0%| F|  |TAMS 0x0000000749300000, 0x0000000749300000| Untracked 
| 126|0x0000000749400000, 0x0000000749400000, 0x0000000749500000|  0%| F|  |TAMS 0x0000000749400000, 0x0000000749400000| Untracked 
| 127|0x0000000749500000, 0x0000000749500000, 0x0000000749600000|  0%| F|  |TAMS 0x0000000749500000, 0x0000000749500000| Untracked 
| 128|0x0000000749600000, 0x0000000749600000, 0x0000000749700000|  0%| F|  |TAMS 0x0000000749600000, 0x0000000749600000| Untracked 
| 129|0x0000000749700000, 0x0000000749700000, 0x0000000749800000|  0%| F|  |TAMS 0x0000000749700000, 0x0000000749700000| Untracked 
| 130|0x0000000749800000, 0x0000000749800000, 0x0000000749900000|  0%| F|  |TAMS 0x0000000749800000, 0x0000000749800000| Untracked 
| 131|0x0000000749900000, 0x0000000749900000, 0x0000000749a00000|  0%| F|  |TAMS 0x0000000749900000, 0x0000000749900000| Untracked 
| 132|0x0000000749a00000, 0x0000000749a00000, 0x0000000749b00000|  0%| F|  |TAMS 0x0000000749a00000, 0x0000000749a00000| Untracked 
| 133|0x0000000749b00000, 0x0000000749b00000, 0x0000000749c00000|  0%| F|  |TAMS 0x0000000749b00000, 0x0000000749b00000| Untracked 
| 134|0x0000000749c00000, 0x0000000749c00000, 0x0000000749d00000|  0%| F|  |TAMS 0x0000000749c00000, 0x0000000749c00000| Untracked 
| 135|0x0000000749d00000, 0x0000000749d00000, 0x0000000749e00000|  0%| F|  |TAMS 0x0000000749d00000, 0x0000000749d00000| Untracked 
| 136|0x0000000749e00000, 0x0000000749e00000, 0x0000000749f00000|  0%| F|  |TAMS 0x0000000749e00000, 0x0000000749e00000| Untracked 
| 137|0x0000000749f00000, 0x0000000749f00000, 0x000000074a000000|  0%| F|  |TAMS 0x0000000749f00000, 0x0000000749f00000| Untracked 
| 138|0x000000074a000000, 0x000000074a000000, 0x000000074a100000|  0%| F|  |TAMS 0x000000074a000000, 0x000000074a000000| Untracked 
| 139|0x000000074a100000, 0x000000074a100000, 0x000000074a200000|  0%| F|  |TAMS 0x000000074a100000, 0x000000074a100000| Untracked 
| 140|0x000000074a200000, 0x000000074a200000, 0x000000074a300000|  0%| F|  |TAMS 0x000000074a200000, 0x000000074a200000| Untracked 
| 141|0x000000074a300000, 0x000000074a300000, 0x000000074a400000|  0%| F|  |TAMS 0x000000074a300000, 0x000000074a300000| Untracked 
| 142|0x000000074a400000, 0x000000074a400000, 0x000000074a500000|  0%| F|  |TAMS 0x000000074a400000, 0x000000074a400000| Untracked 
| 143|0x000000074a500000, 0x000000074a500000, 0x000000074a600000|  0%| F|  |TAMS 0x000000074a500000, 0x000000074a500000| Untracked 
| 144|0x000000074a600000, 0x000000074a600000, 0x000000074a700000|  0%| F|  |TAMS 0x000000074a600000, 0x000000074a600000| Untracked 
| 145|0x000000074a700000, 0x000000074a700000, 0x000000074a800000|  0%| F|  |TAMS 0x000000074a700000, 0x000000074a700000| Untracked 
| 146|0x000000074a800000, 0x000000074a800000, 0x000000074a900000|  0%| F|  |TAMS 0x000000074a800000, 0x000000074a800000| Untracked 
| 147|0x000000074a900000, 0x000000074a900000, 0x000000074aa00000|  0%| F|  |TAMS 0x000000074a900000, 0x000000074a900000| Untracked 
| 148|0x000000074aa00000, 0x000000074aa00000, 0x000000074ab00000|  0%| F|  |TAMS 0x000000074aa00000, 0x000000074aa00000| Untracked 
| 149|0x000000074ab00000, 0x000000074ab00000, 0x000000074ac00000|  0%| F|  |TAMS 0x000000074ab00000, 0x000000074ab00000| Untracked 
| 150|0x000000074ac00000, 0x000000074ac00000, 0x000000074ad00000|  0%| F|  |TAMS 0x000000074ac00000, 0x000000074ac00000| Untracked 
| 151|0x000000074ad00000, 0x000000074ad00000, 0x000000074ae00000|  0%| F|  |TAMS 0x000000074ad00000, 0x000000074ad00000| Untracked 
| 152|0x000000074ae00000, 0x000000074ae00000, 0x000000074af00000|  0%| F|  |TAMS 0x000000074ae00000, 0x000000074ae00000| Untracked 
| 153|0x000000074af00000, 0x000000074af00000, 0x000000074b000000|  0%| F|  |TAMS 0x000000074af00000, 0x000000074af00000| Untracked 
| 154|0x000000074b000000, 0x000000074b000000, 0x000000074b100000|  0%| F|  |TAMS 0x000000074b000000, 0x000000074b000000| Untracked 
| 155|0x000000074b100000, 0x000000074b100000, 0x000000074b200000|  0%| F|  |TAMS 0x000000074b100000, 0x000000074b100000| Untracked 
| 156|0x000000074b200000, 0x000000074b200000, 0x000000074b300000|  0%| F|  |TAMS 0x000000074b200000, 0x000000074b200000| Untracked 
| 157|0x000000074b300000, 0x000000074b300000, 0x000000074b400000|  0%| F|  |TAMS 0x000000074b300000, 0x000000074b300000| Untracked 
| 158|0x000000074b400000, 0x000000074b400000, 0x000000074b500000|  0%| F|  |TAMS 0x000000074b400000, 0x000000074b400000| Untracked 
| 159|0x000000074b500000, 0x000000074b500000, 0x000000074b600000|  0%| F|  |TAMS 0x000000074b500000, 0x000000074b500000| Untracked 
| 160|0x000000074b600000, 0x000000074b600000, 0x000000074b700000|  0%| F|  |TAMS 0x000000074b600000, 0x000000074b600000| Untracked 
| 161|0x000000074b700000, 0x000000074b700000, 0x000000074b800000|  0%| F|  |TAMS 0x000000074b700000, 0x000000074b700000| Untracked 
| 162|0x000000074b800000, 0x000000074b800000, 0x000000074b900000|  0%| F|  |TAMS 0x000000074b800000, 0x000000074b800000| Untracked 
| 163|0x000000074b900000, 0x000000074b900000, 0x000000074ba00000|  0%| F|  |TAMS 0x000000074b900000, 0x000000074b900000| Untracked 
| 164|0x000000074ba00000, 0x000000074ba00000, 0x000000074bb00000|  0%| F|  |TAMS 0x000000074ba00000, 0x000000074ba00000| Untracked 
| 165|0x000000074bb00000, 0x000000074bb00000, 0x000000074bc00000|  0%| F|  |TAMS 0x000000074bb00000, 0x000000074bb00000| Untracked 
| 166|0x000000074bc00000, 0x000000074bc00000, 0x000000074bd00000|  0%| F|  |TAMS 0x000000074bc00000, 0x000000074bc00000| Untracked 
| 167|0x000000074bd00000, 0x000000074bd00000, 0x000000074be00000|  0%| F|  |TAMS 0x000000074bd00000, 0x000000074bd00000| Untracked 
| 168|0x000000074be00000, 0x000000074be00000, 0x000000074bf00000|  0%| F|  |TAMS 0x000000074be00000, 0x000000074be00000| Untracked 
| 169|0x000000074bf00000, 0x000000074bf00000, 0x000000074c000000|  0%| F|  |TAMS 0x000000074bf00000, 0x000000074bf00000| Untracked 
| 170|0x000000074c000000, 0x000000074c000000, 0x000000074c100000|  0%| F|  |TAMS 0x000000074c000000, 0x000000074c000000| Untracked 
| 171|0x000000074c100000, 0x000000074c100000, 0x000000074c200000|  0%| F|  |TAMS 0x000000074c100000, 0x000000074c100000| Untracked 
| 172|0x000000074c200000, 0x000000074c200000, 0x000000074c300000|  0%| F|  |TAMS 0x000000074c200000, 0x000000074c200000| Untracked 
| 173|0x000000074c300000, 0x000000074c300000, 0x000000074c400000|  0%| F|  |TAMS 0x000000074c300000, 0x000000074c300000| Untracked 
| 174|0x000000074c400000, 0x000000074c400000, 0x000000074c500000|  0%| F|  |TAMS 0x000000074c400000, 0x000000074c400000| Untracked 
| 175|0x000000074c500000, 0x000000074c500000, 0x000000074c600000|  0%| F|  |TAMS 0x000000074c500000, 0x000000074c500000| Untracked 
| 176|0x000000074c600000, 0x000000074c600000, 0x000000074c700000|  0%| F|  |TAMS 0x000000074c600000, 0x000000074c600000| Untracked 
| 177|0x000000074c700000, 0x000000074c700000, 0x000000074c800000|  0%| F|  |TAMS 0x000000074c700000, 0x000000074c700000| Untracked 
| 178|0x000000074c800000, 0x000000074c800000, 0x000000074c900000|  0%| F|  |TAMS 0x000000074c800000, 0x000000074c800000| Untracked 
| 179|0x000000074c900000, 0x000000074c900000, 0x000000074ca00000|  0%| F|  |TAMS 0x000000074c900000, 0x000000074c900000| Untracked 
| 180|0x000000074ca00000, 0x000000074ca00000, 0x000000074cb00000|  0%| F|  |TAMS 0x000000074ca00000, 0x000000074ca00000| Untracked 
| 181|0x000000074cb00000, 0x000000074cb00000, 0x000000074cc00000|  0%| F|  |TAMS 0x000000074cb00000, 0x000000074cb00000| Untracked 
| 182|0x000000074cc00000, 0x000000074cc00000, 0x000000074cd00000|  0%| F|  |TAMS 0x000000074cc00000, 0x000000074cc00000| Untracked 
| 183|0x000000074cd00000, 0x000000074cd00000, 0x000000074ce00000|  0%| F|  |TAMS 0x000000074cd00000, 0x000000074cd00000| Untracked 
| 184|0x000000074ce00000, 0x000000074ce00000, 0x000000074cf00000|  0%| F|  |TAMS 0x000000074ce00000, 0x000000074ce00000| Untracked 
| 185|0x000000074cf00000, 0x000000074cf4f7f0, 0x000000074d000000| 31%| E|  |TAMS 0x000000074cf00000, 0x000000074cf00000| Complete 
| 186|0x000000074d000000, 0x000000074d100000, 0x000000074d100000|100%| E|CS|TAMS 0x000000074d000000, 0x000000074d000000| Complete 
| 187|0x000000074d100000, 0x000000074d200000, 0x000000074d200000|100%| E|CS|TAMS 0x000000074d100000, 0x000000074d100000| Complete 
| 188|0x000000074d200000, 0x000000074d300000, 0x000000074d300000|100%| E|CS|TAMS 0x000000074d200000, 0x000000074d200000| Complete 
| 189|0x000000074d300000, 0x000000074d400000, 0x000000074d400000|100%| E|CS|TAMS 0x000000074d300000, 0x000000074d300000| Complete 
| 190|0x000000074d400000, 0x000000074d500000, 0x000000074d500000|100%| E|CS|TAMS 0x000000074d400000, 0x000000074d400000| Complete 
| 191|0x000000074d500000, 0x000000074d600000, 0x000000074d600000|100%| E|CS|TAMS 0x000000074d500000, 0x000000074d500000| Complete 

Card table byte_map: [0x000001ff42910000,0x000001ff42f10000] _byte_map_base: 0x000001ff3ef05000

Marking Bits (Prev, Next): (CMBitMap*) 0x000001ff2f697bb8, (CMBitMap*) 0x000001ff2f697bf8
 Prev Bits: [0x000001ff43510000, 0x000001ff464b8000)
 Next Bits: [0x000001ff464c0000, 0x000001ff49468000)

Polling page: 0x000001ff2d690000

Metaspace:

Usage:
  Non-class:      8.76 MB capacity,     8.68 MB (>99%) used,    72.32 KB ( <1%) free+waste,     7.94 KB ( <1%) overhead. 
      Class:    906.00 KB capacity,   871.52 KB ( 96%) used,    31.42 KB (  3%) free+waste,     3.06 KB ( <1%) overhead. 
       Both:      9.64 MB capacity,     9.53 MB ( 99%) used,   103.74 KB (  1%) free+waste,    11.00 KB ( <1%) overhead. 

Virtual space:
  Non-class space:       10.00 MB reserved,       9.00 MB ( 90%) committed 
      Class space:        1.00 GB reserved,       1.00 MB ( <1%) committed 
             Both:        1.01 GB reserved,      10.00 MB ( <1%) committed 

Chunk freelists:
   Non-Class:  56.00 KB
       Class:  22.00 KB
        Both:  78.00 KB

MaxMetaspaceSize: 17179869184.00 GB
CompressedClassSpaceSize: 1.00 GB

CodeHeap 'non-profiled nmethods': size=120000Kb used=148Kb max_used=148Kb free=119851Kb
 bounds [0x000001ff3ade0000, 0x000001ff3b050000, 0x000001ff42310000]
CodeHeap 'profiled nmethods': size=120000Kb used=675Kb max_used=675Kb free=119324Kb
 bounds [0x000001ff338b0000, 0x000001ff33b20000, 0x000001ff3ade0000]
CodeHeap 'non-nmethods': size=5760Kb used=1229Kb max_used=1248Kb free=4530Kb
 bounds [0x000001ff33310000, 0x000001ff33580000, 0x000001ff338b0000]
 total_blobs=837 nmethods=446 adapters=304
 compilation: enabled
              stopped_count=0, restarted_count=0
 full_count=0

Compilation events (20 events):
Event: 3.552 Thread 0x000001ff4c21d800  436       4       java.lang.AbstractStringBuilder::ensureCapacityInternal (39 bytes)
Event: 3.555 Thread 0x000001ff4c21d800 nmethod 436 0x000001ff3ae02210 code [0x000001ff3ae023e0, 0x000001ff3ae02838]
Event: 3.555 Thread 0x000001ff4c21d800  434       4       java.util.HashMap::put (13 bytes)
Event: 3.583 Thread 0x000001ff4c21d800 nmethod 434 0x000001ff3ae02a10 code [0x000001ff3ae02ce0, 0x000001ff3ae044f0]
Event: 3.583 Thread 0x000001ff4c21d800  435       4       java.util.HashMap$Node::<init> (26 bytes)
Event: 3.586 Thread 0x000001ff4c21d800 nmethod 435 0x000001ff3ae04d90 code [0x000001ff3ae04f00, 0x000001ff3ae05238]
Event: 79.148 Thread 0x000001ff4c242800  442       3       org.eclipse.jdt.launching.internal.org.objectweb.asm.ClassReader::readUtf (161 bytes)
Event: 79.152 Thread 0x000001ff4c242800 

Event: 79.152 Thread 0x000001ff4c242800  443       3       org.eclipse.jdt.launching.internal.org.objectweb.asm.SymbolTable::hash (10 bytes)
Event: 79.152 Thread 0x000001ff4c242800 nmethod 443 0x000001ff33956b90 code [0x000001ff33956d40, 0x000001ff33956e68]
Event: 92.045 Thread 0x000001ff4c242800  444       3       org.eclipse.jdt.launching.internal.org.objectweb.asm.ClassReader::getItem (7 bytes)
Event: 92.046 Thread 0x000001ff4c242800 nmethod 444 0x000001ff33956f90 code [0x000001ff33957120, 0x000001ff33957258]
Event: 100.838 Thread 0x000001ff4c242800  445       3       org.eclipse.jdt.launching.internal.org.objectweb.asm.ClassReader::readUtf (44 bytes)
Event: 100.838 Thread 0x000001ff4c242800 nmethod 445 0x000001ff33957310 code [0x000001ff339574e0, 0x000001ff339579a8]
Event: 100.838 Thread 0x000001ff4c242800  448       3       org.eclipse.jdt.launching.internal.org.objectweb.asm.ClassReader::readUtf (161 bytes)
Event: 100.839 Thread 0x000001ff4c242800 nmethod 448 0x000001ff33957c10 code [0x000001ff33957e00, 0x000001ff339583f8]
Event: 100.839 Thread 0x000001ff4c242800  446       3       org.eclipse.jdt.launching.internal.org.objectweb.asm.Symbol::<init> (38 bytes)
Event: 100.841 Thread 0x000001ff4c242800 

Event: 100.841 Thread 0x000001ff4c242800  447       3       org.eclipse.jdt.launching.internal.org.objectweb.asm.SymbolTable::add (39 bytes)
Event: 100.841 Thread 0x000001ff4c242800 nmethod 447 0x000001ff33958790 code [0x000001ff33958940, 0x000001ff33958cb8]

GC Heap History (0 events):
No events

Deoptimization events (20 events):
Event: 0.559 Thread 0x000001ff2f645000 DEOPT PACKING pc=0x000001ff3392a338 sp=0x00000049085f7a80
Event: 0.559 Thread 0x000001ff2f645000 DEOPT UNPACKING pc=0x000001ff3335964e sp=0x00000049085f6f48 mode 0
Event: 0.560 Thread 0x000001ff2f645000 DEOPT PACKING pc=0x000001ff3392a338 sp=0x00000049085f7a80
Event: 0.560 Thread 0x000001ff2f645000 DEOPT UNPACKING pc=0x000001ff3335964e sp=0x00000049085f6f48 mode 0
Event: 0.560 Thread 0x000001ff2f645000 DEOPT PACKING pc=0x000001ff3392a338 sp=0x00000049085f7a80
Event: 0.560 Thread 0x000001ff2f645000 DEOPT UNPACKING pc=0x000001ff3335964e sp=0x00000049085f6f48 mode 0
Event: 0.564 Thread 0x000001ff2f645000 DEOPT PACKING pc=0x000001ff3392a338 sp=0x00000049085fb560
Event: 0.564 Thread 0x000001ff2f645000 DEOPT UNPACKING pc=0x000001ff3335964e sp=0x00000049085faa28 mode 0
Event: 0.564 Thread 0x000001ff2f645000 DEOPT PACKING pc=0x000001ff3392a338 sp=0x00000049085fb560
Event: 0.564 Thread 0x000001ff2f645000 DEOPT UNPACKING pc=0x000001ff3335964e sp=0x00000049085faa28 mode 0
Event: 0.565 Thread 0x000001ff2f645000 DEOPT PACKING pc=0x000001ff3392a338 sp=0x00000049085fb560
Event: 0.565 Thread 0x000001ff2f645000 DEOPT UNPACKING pc=0x000001ff3335964e sp=0x00000049085faa28 mode 0
Event: 0.579 Thread 0x000001ff2f645000 DEOPT PACKING pc=0x000001ff3392a338 sp=0x00000049085f7670
Event: 0.579 Thread 0x000001ff2f645000 DEOPT UNPACKING pc=0x000001ff3335964e sp=0x00000049085f6b38 mode 0
Event: 0.579 Thread 0x000001ff2f645000 DEOPT PACKING pc=0x000001ff3392a338 sp=0x00000049085f7670
Event: 0.579 Thread 0x000001ff2f645000 DEOPT UNPACKING pc=0x000001ff3335964e sp=0x00000049085f6b38 mode 0
Event: 0.580 Thread 0x000001ff2f645000 DEOPT PACKING pc=0x000001ff3392a338 sp=0x00000049085f7670
Event: 0.580 Thread 0x000001ff2f645000 DEOPT UNPACKING pc=0x000001ff3335964e sp=0x00000049085f6b38 mode 0
Event: 0.581 Thread 0x000001ff2f645000 DEOPT PACKING pc=0x000001ff3392a338 sp=0x00000049085f7670
Event: 0.581 Thread 0x000001ff2f645000 DEOPT UNPACKING pc=0x000001ff3335964e sp=0x00000049085f6b38 mode 0

Classes unloaded (0 events):
No events

Classes redefined (3 events):
Event: 79.150 Thread 0x000001ff4c1db000 redefined class name=SelectGoodies, count=1
Event: 92.046 Thread 0x000001ff4c1db000 redefined class name=SelectGoodies, count=2
Event: 100.839 Thread 0x000001ff4c1db000 redefined class name=SelectGoodies, count=3

Internal exceptions (0 events):
No events

Events (20 events):
Event: 92.074 Executing VM operation: GetStackTrace done
Event: 92.090 Executing VM operation: GetFrameCount
Event: 92.090 Executing VM operation: GetFrameCount done
Event: 92.090 Executing VM operation: GetOwnedMonitorInfo
Event: 92.090 Executing VM operation: GetOwnedMonitorInfo done
Event: 92.090 Executing VM operation: GetCurrentContendedMonitor
Event: 92.091 Executing VM operation: GetCurrentContendedMonitor done
Event: 100.839 Executing VM operation: RedefineClasses
Event: 100.841 Executing VM operation: RedefineClasses done
Event: 100.844 Executing VM operation: ChangeBreakpoints
Event: 100.844 Executing VM operation: ChangeBreakpoints done
Event: 100.844 Executing VM operation: ChangeBreakpoints
Event: 100.844 Executing VM operation: ChangeBreakpoints done
Event: 100.851 Executing VM operation: ChangeBreakpoints
Event: 100.851 Executing VM operation: ChangeBreakpoints done
Event: 100.855 Executing VM operation: ChangeBreakpoints
Event: 100.855 Executing VM operation: ChangeBreakpoints done
Event: 100.856 Executing VM operation: GetFrameCount
Event: 100.856 Executing VM operation: GetFrameCount done
Event: 100.856 Executing VM operation: GetStackTrace


Dynamic libraries:
0x00007ff7b49b0000 - 0x00007ff7b49bd000 	G:\Downloads\spring-tool-suite-4-4.8.0.RELEASE-e4.17.0-win32.win32.x86_64.self-extracting\contents\sts-4.8.0.RELEASE\plugins\org.eclipse.justj.openjdk.hotspot.jre.full.win32.x86_64_14.0.2.v20200815-0932\jre\bin\javaw.exe
0x00007ffe21850000 - 0x00007ffe21a21000 	C:\Windows\SYSTEM32\ntdll.dll
0x00007ffe211f0000 - 0x00007ffe2129b000 	C:\Windows\System32\KERNEL32.DLL
0x00007ffe1e930000 - 0x00007ffe1eb4d000 	C:\Windows\System32\KERNELBASE.dll
0x00007ffe1eb50000 - 0x00007ffe1ec45000 	C:\Windows\System32\ucrtbase.dll
0x00007ffe15e90000 - 0x00007ffe15ea8000 	G:\Downloads\spring-tool-suite-4-4.8.0.RELEASE-e4.17.0-win32.win32.x86_64.self-extracting\contents\sts-4.8.0.RELEASE\plugins\org.eclipse.justj.openjdk.hotspot.jre.full.win32.x86_64_14.0.2.v20200815-0932\jre\bin\jli.dll
0x00007ffe20720000 - 0x00007ffe20885000 	C:\Windows\System32\USER32.dll
0x00007ffe1de90000 - 0x00007ffe1deae000 	C:\Windows\System32\win32u.dll
0x00007ffe216c0000 - 0x00007ffe216f4000 	C:\Windows\System32\GDI32.dll
0x00007ffe1ec50000 - 0x00007ffe1edd2000 	C:\Windows\System32\gdi32full.dll
0x00007ffe0ced0000 - 0x00007ffe0cee5000 	G:\Downloads\spring-tool-suite-4-4.8.0.RELEASE-e4.17.0-win32.win32.x86_64.self-extracting\contents\sts-4.8.0.RELEASE\plugins\org.eclipse.justj.openjdk.hotspot.jre.full.win32.x86_64_14.0.2.v20200815-0932\jre\bin\VCRUNTIME140.dll
0x00007ffe10fa0000 - 0x00007ffe11219000 	C:\Windows\WinSxS\amd64_microsoft.windows.common-controls_6595b64144ccf1df_6.0.14393.0_none_2d0f50fcbdb171b8\COMCTL32.dll
0x00007ffe21520000 - 0x00007ffe215be000 	C:\Windows\System32\msvcrt.dll
0x00007ffe20cc0000 - 0x00007ffe20f87000 	C:\Windows\System32\combase.dll
0x00007ffe20590000 - 0x00007ffe206b1000 	C:\Windows\System32\RPCRT4.dll
0x00007ffe1deb0000 - 0x00007ffe1df1a000 	C:\Windows\System32\bcryptPrimitives.dll
0x00007ffe21620000 - 0x00007ffe2164e000 	C:\Windows\System32\IMM32.DLL
0x00007ffdfc830000 - 0x00007ffdfc8cb000 	G:\Downloads\spring-tool-suite-4-4.8.0.RELEASE-e4.17.0-win32.win32.x86_64.self-extracting\contents\sts-4.8.0.RELEASE\plugins\org.eclipse.justj.openjdk.hotspot.jre.full.win32.x86_64_14.0.2.v20200815-0932\jre\bin\msvcp140.dll
0x00007ffdecfd0000 - 0x00007ffdedaee000 	G:\Downloads\spring-tool-suite-4-4.8.0.RELEASE-e4.17.0-win32.win32.x86_64.self-extracting\contents\sts-4.8.0.RELEASE\plugins\org.eclipse.justj.openjdk.hotspot.jre.full.win32.x86_64_14.0.2.v20200815-0932\jre\bin\server\jvm.dll
0x00007ffe217a0000 - 0x00007ffe21842000 	C:\Windows\System32\ADVAPI32.dll
0x00007ffe21660000 - 0x00007ffe216b9000 	C:\Windows\System32\sechost.dll
0x00007ffe21170000 - 0x00007ffe21178000 	C:\Windows\System32\PSAPI.DLL
0x00007ffe1bdb0000 - 0x00007ffe1bdb9000 	C:\Windows\SYSTEM32\WSOCK32.dll
0x00007ffe1bf50000 - 0x00007ffe1bf73000 	C:\Windows\SYSTEM32\WINMM.dll
0x00007ffe21730000 - 0x00007ffe2179a000 	C:\Windows\System32\WS2_32.dll
0x00007ffe13660000 - 0x00007ffe1366a000 	C:\Windows\SYSTEM32\VERSION.dll
0x000001ff2d660000 - 0x000001ff2d68b000 	C:\Windows\SYSTEM32\WINMMBASE.dll
0x00007ffe1df20000 - 0x00007ffe1df62000 	C:\Windows\System32\cfgmgr32.dll
0x00007ffe1dd80000 - 0x00007ffe1dd8f000 	C:\Windows\System32\kernel.appcore.dll
0x00007ffe1a0b0000 - 0x00007ffe1a0ba000 	G:\Downloads\spring-tool-suite-4-4.8.0.RELEASE-e4.17.0-win32.win32.x86_64.self-extracting\contents\sts-4.8.0.RELEASE\plugins\org.eclipse.justj.openjdk.hotspot.jre.full.win32.x86_64_14.0.2.v20200815-0932\jre\bin\jimage.dll
0x00007ffe0e720000 - 0x00007ffe0e8b2000 	C:\Windows\SYSTEM32\DBGHELP.DLL
0x00007ffe0e630000 - 0x00007ffe0e659000 	C:\Windows\SYSTEM32\dbgcore.DLL
0x00007ffe07880000 - 0x00007ffe078b8000 	G:\Downloads\spring-tool-suite-4-4.8.0.RELEASE-e4.17.0-win32.win32.x86_64.self-extracting\contents\sts-4.8.0.RELEASE\plugins\org.eclipse.justj.openjdk.hotspot.jre.full.win32.x86_64_14.0.2.v20200815-0932\jre\bin\jdwp.dll
0x00007ffe10c30000 - 0x00007ffe10c55000 	G:\Downloads\spring-tool-suite-4-4.8.0.RELEASE-e4.17.0-win32.win32.x86_64.self-extracting\contents\sts-4.8.0.RELEASE\plugins\org.eclipse.justj.openjdk.hotspot.jre.full.win32.x86_64_14.0.2.v20200815-0932\jre\bin\java.dll
0x00007ffe19fe0000 - 0x00007ffe19fee000 	G:\Downloads\spring-tool-suite-4-4.8.0.RELEASE-e4.17.0-win32.win32.x86_64.self-extracting\contents\sts-4.8.0.RELEASE\plugins\org.eclipse.justj.openjdk.hotspot.jre.full.win32.x86_64_14.0.2.v20200815-0932\jre\bin\instrument.dll
0x00007ffe13b00000 - 0x00007ffe13b16000 	G:\Downloads\spring-tool-suite-4-4.8.0.RELEASE-e4.17.0-win32.win32.x86_64.self-extracting\contents\sts-4.8.0.RELEASE\plugins\org.eclipse.justj.openjdk.hotspot.jre.full.win32.x86_64_14.0.2.v20200815-0932\jre\bin\zip.dll
0x00007ffe1ede0000 - 0x00007ffe202e8000 	C:\Windows\System32\SHELL32.dll
0x00007ffe1e140000 - 0x00007ffe1e81a000 	C:\Windows\System32\windows.storage.dll
0x00007ffe1dd90000 - 0x00007ffe1dddc000 	C:\Windows\System32\powrprof.dll
0x00007ffe215c0000 - 0x00007ffe21612000 	C:\Windows\System32\shlwapi.dll
0x00007ffe1e880000 - 0x00007ffe1e929000 	C:\Windows\System32\shcore.dll
0x00007ffe1dd50000 - 0x00007ffe1dd64000 	C:\Windows\System32\profapi.dll
0x00007ffe156c0000 - 0x00007ffe156cb000 	G:\Downloads\spring-tool-suite-4-4.8.0.RELEASE-e4.17.0-win32.win32.x86_64.self-extracting\contents\sts-4.8.0.RELEASE\plugins\org.eclipse.justj.openjdk.hotspot.jre.full.win32.x86_64_14.0.2.v20200815-0932\jre\bin\dt_socket.dll
0x00007ffe1d410000 - 0x00007ffe1d448000 	C:\Windows\SYSTEM32\IPHLPAPI.DLL
0x00007ffe1d680000 - 0x00007ffe1d6dc000 	C:\Windows\system32\mswsock.dll
0x00007ffe1d450000 - 0x00007ffe1d4f0000 	C:\Windows\SYSTEM32\DNSAPI.dll
0x00007ffe21650000 - 0x00007ffe21658000 	C:\Windows\System32\NSI.dll
0x00007ffe107a0000 - 0x00007ffe107aa000 	C:\Windows\System32\rasadhlp.dll
0x00007ffe14df0000 - 0x00007ffe14e5a000 	C:\Windows\System32\fwpuclnt.dll
0x00007ffe1d930000 - 0x00007ffe1d95b000 	C:\Windows\SYSTEM32\bcrypt.dll
0x00007ffe11340000 - 0x00007ffe11359000 	G:\Downloads\spring-tool-suite-4-4.8.0.RELEASE-e4.17.0-win32.win32.x86_64.self-extracting\contents\sts-4.8.0.RELEASE\plugins\org.eclipse.justj.openjdk.hotspot.jre.full.win32.x86_64_14.0.2.v20200815-0932\jre\bin\net.dll
0x00007ffe19560000 - 0x00007ffe1962c000 	C:\Windows\SYSTEM32\WINHTTP.dll
0x00007ffe11300000 - 0x00007ffe11312000 	G:\Downloads\spring-tool-suite-4-4.8.0.RELEASE-e4.17.0-win32.win32.x86_64.self-extracting\contents\sts-4.8.0.RELEASE\plugins\org.eclipse.justj.openjdk.hotspot.jre.full.win32.x86_64_14.0.2.v20200815-0932\jre\bin\nio.dll
0x00007ffe19ed0000 - 0x00007ffe19ee0000 	G:\Downloads\spring-tool-suite-4-4.8.0.RELEASE-e4.17.0-win32.win32.x86_64.self-extracting\contents\sts-4.8.0.RELEASE\plugins\org.eclipse.justj.openjdk.hotspot.jre.full.win32.x86_64_14.0.2.v20200815-0932\jre\bin\verify.dll

dbghelp: loaded successfully - version: 4.0.5 - missing functions: none
symbol engine: initialized successfully - sym options: 0x614 - pdb path: .;G:\Downloads\spring-tool-suite-4-4.8.0.RELEASE-e4.17.0-win32.win32.x86_64.self-extracting\contents\sts-4.8.0.RELEASE\plugins\org.eclipse.justj.openjdk.hotspot.jre.full.win32.x86_64_14.0.2.v20200815-0932\jre\bin;C:\Windows\SYSTEM32;C:\Windows\WinSxS\amd64_microsoft.windows.common-controls_6595b64144ccf1df_6.0.14393.0_none_2d0f50fcbdb171b8;G:\Downloads\spring-tool-suite-4-4.8.0.RELEASE-e4.17.0-win32.win32.x86_64.self-extracting\contents\sts-4.8.0.RELEASE\plugins\org.eclipse.justj.openjdk.hotspot.jre.full.win32.x86_64_14.0.2.v20200815-0932\jre\bin\server

VM Arguments:
jvm_args: -XX:+ShowCodeDetailsInExceptionMessages -agentlib:jdwp=transport=dt_socket,suspend=y,address=localhost:59499 -javaagent:G:\Downloads\spring-tool-suite-4-4.8.0.RELEASE-e4.17.0-win32.win32.x86_64.self-extracting\contents\sts-4.8.0.RELEASE\configuration\org.eclipse.osgi\262\0\.cp\lib\javaagent-shaded.jar -Dfile.encoding=Cp1252 
java_command: SelectGoodies
java_class_path (initial): G:\highPeak\Select Goodies Min Price\bin
Launcher Type: SUN_STANDARD

[Global flags]
     intx CICompilerCount                          = 3                                         {product} {ergonomic}
     uint ConcGCThreads                            = 1                                         {product} {ergonomic}
     uint G1ConcRefinementThreads                  = 4                                         {product} {ergonomic}
   size_t G1HeapRegionSize                         = 1048576                                   {product} {ergonomic}
    uintx GCDrainStackTargetSize                   = 64                                        {product} {ergonomic}
   size_t InitialHeapSize                          = 201326592                                 {product} {ergonomic}
   size_t MarkStackSize                            = 4194304                                   {product} {ergonomic}
   size_t MaxHeapSize                              = 3198156800                                {product} {ergonomic}
   size_t MaxNewSize                               = 1918894080                                {product} {ergonomic}
   size_t MinHeapDeltaBytes                        = 1048576                                   {product} {ergonomic}
   size_t MinHeapSize                              = 8388608                                   {product} {ergonomic}
    uintx NonNMethodCodeHeapSize                   = 5832780                                {pd product} {ergonomic}
    uintx NonProfiledCodeHeapSize                  = 122912730                              {pd product} {ergonomic}
    uintx ProfiledCodeHeapSize                     = 122912730                              {pd product} {ergonomic}
    uintx ReservedCodeCacheSize                    = 251658240                              {pd product} {ergonomic}
     bool SegmentedCodeCache                       = true                                      {product} {ergonomic}
     bool ShowCodeDetailsInExceptionMessages       = true                                   {manageable} {command line}
   size_t SoftMaxHeapSize                          = 3198156800                             {manageable} {ergonomic}
     bool UseCompressedClassPointers               = true                                 {lp64_product} {ergonomic}
     bool UseCompressedOops                        = true                                 {lp64_product} {ergonomic}
     bool UseG1GC                                  = true                                      {product} {ergonomic}
     bool UseLargePagesIndividualAllocation        = false                                  {pd product} {ergonomic}

Logging:
Log output configuration:
 #0: stdout all=warning uptime,level,tags
 #1: stderr all=off uptime,level,tags

Environment Variables:
PATH=G:\Downloads\spring-tool-suite-4-4.8.0.RELEASE-e4.17.0-win32.win32.x86_64.self-extracting\contents\sts-4.8.0.RELEASE\plugins\org.eclipse.justj.openjdk.hotspot.jre.full.win32.x86_64_14.0.2.v20200815-0932\jre\bin;G:/Downloads/spring-tool-suite-4-4.8.0.RELEASE-e4.17.0-win32.win32.x86_64.self-extracting/contents/sts-4.8.0.RELEASE//plugins/org.eclipse.justj.openjdk.hotspot.jre.full.win32.x86_64_14.0.2.v20200815-0932/jre/bin/server;G:/Downloads/spring-tool-suite-4-4.8.0.RELEASE-e4.17.0-win32.win32.x86_64.self-extracting/contents/sts-4.8.0.RELEASE//plugins/org.eclipse.justj.openjdk.hotspot.jre.full.win32.x86_64_14.0.2.v20200815-0932/jre/bin;C:\Windows\system32;C:\Windows;C:\Windows\System32\Wbem;C:\Windows\System32\WindowsPowerShell\v1.0\;C:\Users\user\AppData\Local\Microsoft\WindowsApps;;G:\Downloads\spring-tool-suite-4-4.8.0.RELEASE-e4.17.0-win32.win32.x86_64.self-extracting\contents\sts-4.8.0.RELEASE;
USERNAME=user
OS=Windows_NT
PROCESSOR_IDENTIFIER=Intel64 Family 6 Model 61 Stepping 4, GenuineIntel



---------------  S Y S T E M  ---------------

OS: Windows 10 , 64 bit Build 14393 (10.0.14393.0)
OS uptime: 10 days 0:28 hours

CPU:total 4 (initial active 4) (2 cores per cpu, 2 threads per core) family 6 model 61 stepping 4, cmov, cx8, fxsr, mmx, sse, sse2, sse3, ssse3, sse4.1, sse4.2, popcnt, avx, avx2, aes, clmul, erms, 3dnowpref, lzcnt, ht, tsc, tscinvbit, bmi1, bmi2, adx, fma

Memory: 4k page, system-wide physical 12197M (6534M free)
TotalPageFile size 14053M (AvailPageFile size 7709M)
current process WorkingSet (physical memory assigned to process): 50M, peak: 52M
current process commit charge ("private bytes"): 271M, peak: 272M

vm_info: OpenJDK 64-Bit Server VM (14.0.2+12-46) for windows-amd64 JRE (14.0.2+12-46), built on Jul  9 2020 00:31:16 by "mach5one" with MS VC++ 15.9 (VS2017)

END.
